#-----------------------------------------------------------
# Vivado v2018.2 (64-bit)
# SW Build 2258646 on Thu Jun 14 20:03:12 MDT 2018
# IP Build 2256618 on Thu Jun 14 22:10:49 MDT 2018
# Start of session at: Fri Dec 14 15:44:26 2018
# Process ID: 7564
# Current directory: C:/Users/zhang/manage_ip/managed_ip_project
# Command line: vivado.exe -gui_launcher_event rodinguilauncherevent14640 C:\Users\zhang\manage_ip\managed_ip_project\managed_ip_project.xpr
# Log file: C:/Users/zhang/manage_ip/managed_ip_project/vivado.log
# Journal file: C:/Users/zhang/manage_ip/managed_ip_project\vivado.jou
#-----------------------------------------------------------
start_gui
open_project C:/Users/zhang/manage_ip/managed_ip_project/managed_ip_project.xpr
INFO: [Project 1-313] Project file moved from 'C:/Users/zhang/Desktop/manage_ip/managed_ip_project' since last save.
Scanning sources...
Finished scanning sources
INFO: [IP_Flow 19-234] Refreshing IP repositories
INFO: [IP_Flow 19-1704] No user IP repositories specified
INFO: [IP_Flow 19-2313] Loaded Vivado IP repository 'C:/Xilinx/Vivado/2018.2/data/ip'.
open_project: Time (s): cpu = 00:00:11 ; elapsed = 00:00:08 . Memory (MB): peak = 870.254 ; gain = 132.656
INFO: [Device 21-403] Loading part xc7vx690tffg1930-2
WARNING: [IP_Flow 19-4067] Ignoring invalid widget type specified checkbox.Providing a default widget
WARNING: [IP_Flow 19-4067] Ignoring invalid widget type specified checkbox.Providing a default widget
set_property -dict [list CONFIG.Use_RSTB_Pin {false} CONFIG.EN_SAFETY_CKT {false}] [get_ips hdlc_tx_ram]
generate_target all [get_files  C:/Users/zhang/manage_ip/hdlc_tx_ram/hdlc_tx_ram.xci]
INFO: [IP_Flow 19-1686] Generating 'Instantiation Template' target for IP 'hdlc_tx_ram'...
INFO: [IP_Flow 19-1686] Generating 'Synthesis' target for IP 'hdlc_tx_ram'...
INFO: [IP_Flow 19-1686] Generating 'Simulation' target for IP 'hdlc_tx_ram'...
INFO: [IP_Flow 19-1686] Generating 'Miscellaneous' target for IP 'hdlc_tx_ram'...
INFO: [IP_Flow 19-1686] Generating 'Change Log' target for IP 'hdlc_tx_ram'...
catch { config_ip_cache -export [get_ips -all hdlc_tx_ram] }
export_ip_user_files -of_objects [get_files C:/Users/zhang/manage_ip/hdlc_tx_ram/hdlc_tx_ram.xci] -no_script -sync -force -quiet
reset_run hdlc_tx_ram_synth_1
launch_runs -jobs 6 hdlc_tx_ram_synth_1
[Fri Dec 14 15:45:28 2018] Launched hdlc_tx_ram_synth_1...
Run output will be captured here: C:/Users/zhang/manage_ip/managed_ip_project/managed_ip_project.runs/hdlc_tx_ram_synth_1/runme.log
export_simulation -of_objects [get_files C:/Users/zhang/manage_ip/hdlc_tx_ram/hdlc_tx_ram.xci] -directory C:/Users/zhang/manage_ip/ip_user_files/sim_scripts -ip_user_files_dir C:/Users/zhang/manage_ip/ip_user_files -ipstatic_source_dir C:/Users/zhang/manage_ip/ip_user_files/ipstatic -lib_map_path [list {modelsim=C:/Users/zhang/manage_ip/managed_ip_project/managed_ip_project.cache/compile_simlib/modelsim} {questa=C:/Users/zhang/manage_ip/managed_ip_project/managed_ip_project.cache/compile_simlib/questa} {riviera=C:/Users/zhang/manage_ip/managed_ip_project/managed_ip_project.cache/compile_simlib/riviera} {activehdl=C:/Users/zhang/manage_ip/managed_ip_project/managed_ip_project.cache/compile_simlib/activehdl}] -use_ip_compiled_libs -force -quiet
WARNING: [IP_Flow 19-4067] Ignoring invalid widget type specified checkbox.Providing a default widget
WARNING: [IP_Flow 19-4067] Ignoring invalid widget type specified checkbox.Providing a default widget
set_property -dict [list CONFIG.Use_RSTB_Pin {false}] [get_ips hdlc_rx_ram]
generate_target all [get_files  C:/Users/zhang/manage_ip/hdlc_rx_ram/hdlc_rx_ram.xci]
INFO: [IP_Flow 19-1686] Generating 'Instantiation Template' target for IP 'hdlc_rx_ram'...
INFO: [IP_Flow 19-1686] Generating 'Synthesis' target for IP 'hdlc_rx_ram'...
INFO: [IP_Flow 19-1686] Generating 'Simulation' target for IP 'hdlc_rx_ram'...
INFO: [IP_Flow 19-1686] Generating 'Miscellaneous' target for IP 'hdlc_rx_ram'...
INFO: [IP_Flow 19-1686] Generating 'Change Log' target for IP 'hdlc_rx_ram'...
catch { config_ip_cache -export [get_ips -all hdlc_rx_ram] }
export_ip_user_files -of_objects [get_files C:/Users/zhang/manage_ip/hdlc_rx_ram/hdlc_rx_ram.xci] -no_script -sync -force -quiet
reset_run hdlc_rx_ram_synth_1
launch_runs -jobs 6 hdlc_rx_ram_synth_1
[Fri Dec 14 16:47:54 2018] Launched hdlc_rx_ram_synth_1...
Run output will be captured here: C:/Users/zhang/manage_ip/managed_ip_project/managed_ip_project.runs/hdlc_rx_ram_synth_1/runme.log
export_simulation -of_objects [get_files C:/Users/zhang/manage_ip/hdlc_rx_ram/hdlc_rx_ram.xci] -directory C:/Users/zhang/manage_ip/ip_user_files/sim_scripts -ip_user_files_dir C:/Users/zhang/manage_ip/ip_user_files -ipstatic_source_dir C:/Users/zhang/manage_ip/ip_user_files/ipstatic -lib_map_path [list {modelsim=C:/Users/zhang/manage_ip/managed_ip_project/managed_ip_project.cache/compile_simlib/modelsim} {questa=C:/Users/zhang/manage_ip/managed_ip_project/managed_ip_project.cache/compile_simlib/questa} {riviera=C:/Users/zhang/manage_ip/managed_ip_project/managed_ip_project.cache/compile_simlib/riviera} {activehdl=C:/Users/zhang/manage_ip/managed_ip_project/managed_ip_project.cache/compile_simlib/activehdl}] -use_ip_compiled_libs -force -quiet
WARNING: [IP_Flow 19-4067] Ignoring invalid widget type specified checkbox.Providing a default widget
WARNING: [IP_Flow 19-4067] Ignoring invalid widget type specified checkbox.Providing a default widget
set_property -dict [list CONFIG.Use_RSTB_Pin {false}] [get_ips flag_insert0_ram]
generate_target all [get_files  C:/Users/zhang/manage_ip/flag_insert0_ram/flag_insert0_ram.xci]
INFO: [IP_Flow 19-1686] Generating 'Instantiation Template' target for IP 'flag_insert0_ram'...
INFO: [IP_Flow 19-1686] Generating 'Synthesis' target for IP 'flag_insert0_ram'...
INFO: [IP_Flow 19-1686] Generating 'Simulation' target for IP 'flag_insert0_ram'...
INFO: [IP_Flow 19-1686] Generating 'Miscellaneous' target for IP 'flag_insert0_ram'...
INFO: [IP_Flow 19-1686] Generating 'Change Log' target for IP 'flag_insert0_ram'...
catch { config_ip_cache -export [get_ips -all flag_insert0_ram] }
export_ip_user_files -of_objects [get_files C:/Users/zhang/manage_ip/flag_insert0_ram/flag_insert0_ram.xci] -no_script -sync -force -quiet
reset_run flag_insert0_ram_synth_1
WARNING: [Vivado 12-1017] Problems encountered:
1. Failed to delete one or more files in run directory C:/Users/zhang/manage_ip/managed_ip_project/managed_ip_project.runs/flag_insert0_ram_synth_1

launch_runs -jobs 6 flag_insert0_ram_synth_1
[Fri Dec 14 16:48:26 2018] Launched flag_insert0_ram_synth_1...
Run output will be captured here: C:/Users/zhang/manage_ip/managed_ip_project/managed_ip_project.runs/flag_insert0_ram_synth_1/runme.log
export_simulation -of_objects [get_files C:/Users/zhang/manage_ip/flag_insert0_ram/flag_insert0_ram.xci] -directory C:/Users/zhang/manage_ip/ip_user_files/sim_scripts -ip_user_files_dir C:/Users/zhang/manage_ip/ip_user_files -ipstatic_source_dir C:/Users/zhang/manage_ip/ip_user_files/ipstatic -lib_map_path [list {modelsim=C:/Users/zhang/manage_ip/managed_ip_project/managed_ip_project.cache/compile_simlib/modelsim} {questa=C:/Users/zhang/manage_ip/managed_ip_project/managed_ip_project.cache/compile_simlib/questa} {riviera=C:/Users/zhang/manage_ip/managed_ip_project/managed_ip_project.cache/compile_simlib/riviera} {activehdl=C:/Users/zhang/manage_ip/managed_ip_project/managed_ip_project.cache/compile_simlib/activehdl}] -use_ip_compiled_libs -force -quiet
WARNING: [IP_Flow 19-4067] Ignoring invalid widget type specified checkbox.Providing a default widget
WARNING: [IP_Flow 19-4067] Ignoring invalid widget type specified checkbox.Providing a default widget
set_property -dict [list CONFIG.Use_RSTB_Pin {false}] [get_ips insert0_ram]
generate_target all [get_files  C:/Users/zhang/manage_ip/insert0_ram/insert0_ram.xci]
INFO: [IP_Flow 19-1686] Generating 'Instantiation Template' target for IP 'insert0_ram'...
INFO: [IP_Flow 19-1686] Generating 'Synthesis' target for IP 'insert0_ram'...
INFO: [IP_Flow 19-1686] Generating 'Simulation' target for IP 'insert0_ram'...
INFO: [IP_Flow 19-1686] Generating 'Miscellaneous' target for IP 'insert0_ram'...
INFO: [IP_Flow 19-1686] Generating 'Change Log' target for IP 'insert0_ram'...
catch { config_ip_cache -export [get_ips -all insert0_ram] }
export_ip_user_files -of_objects [get_files C:/Users/zhang/manage_ip/insert0_ram/insert0_ram.xci] -no_script -sync -force -quiet
reset_run insert0_ram_synth_1
WARNING: [Vivado 12-1017] Problems encountered:
1. Failed to delete one or more files in run directory C:/Users/zhang/manage_ip/managed_ip_project/managed_ip_project.runs/insert0_ram_synth_1

launch_runs -jobs 6 insert0_ram_synth_1
[Fri Dec 14 16:49:50 2018] Launched insert0_ram_synth_1...
Run output will be captured here: C:/Users/zhang/manage_ip/managed_ip_project/managed_ip_project.runs/insert0_ram_synth_1/runme.log
export_simulation -of_objects [get_files C:/Users/zhang/manage_ip/insert0_ram/insert0_ram.xci] -directory C:/Users/zhang/manage_ip/ip_user_files/sim_scripts -ip_user_files_dir C:/Users/zhang/manage_ip/ip_user_files -ipstatic_source_dir C:/Users/zhang/manage_ip/ip_user_files/ipstatic -lib_map_path [list {modelsim=C:/Users/zhang/manage_ip/managed_ip_project/managed_ip_project.cache/compile_simlib/modelsim} {questa=C:/Users/zhang/manage_ip/managed_ip_project/managed_ip_project.cache/compile_simlib/questa} {riviera=C:/Users/zhang/manage_ip/managed_ip_project/managed_ip_project.cache/compile_simlib/riviera} {activehdl=C:/Users/zhang/manage_ip/managed_ip_project/managed_ip_project.cache/compile_simlib/activehdl}] -use_ip_compiled_libs -force -quiet
exit
INFO: [Common 17-206] Exiting Vivado at Sat Dec 15 13:34:36 2018...
