#-----------------------------------------------------------
# Vivado v2018.2 (64-bit)
# SW Build 2258646 on Thu Jun 14 20:03:12 MDT 2018
# IP Build 2256618 on Thu Jun 14 22:10:49 MDT 2018
# Start of session at: Sat Nov 10 11:17:09 2018
# Process ID: 16476
# Current directory: C:/Users/zhang/Desktop/manage_ip/managed_ip_project
# Command line: vivado.exe -gui_launcher_event rodinguilauncherevent6768 C:\Users\zhang\Desktop\manage_ip\managed_ip_project\managed_ip_project.xpr
# Log file: C:/Users/zhang/Desktop/manage_ip/managed_ip_project/vivado.log
# Journal file: C:/Users/zhang/Desktop/manage_ip/managed_ip_project\vivado.jou
#-----------------------------------------------------------
start_gui
open_project C:/Users/zhang/Desktop/manage_ip/managed_ip_project/managed_ip_project.xpr
Scanning sources...
Finished scanning sources
INFO: [IP_Flow 19-234] Refreshing IP repositories
INFO: [IP_Flow 19-1704] No user IP repositories specified
INFO: [IP_Flow 19-2313] Loaded Vivado IP repository 'C:/Xilinx/Vivado/2018.2/data/ip'.
open_project: Time (s): cpu = 00:00:09 ; elapsed = 00:00:08 . Memory (MB): peak = 843.699 ; gain = 96.711
INFO: [Device 21-403] Loading part xc7vx690tffg1930-2
WARNING: [IP_Flow 19-4067] Ignoring invalid widget type specified checkbox.Providing a default widget
WARNING: [IP_Flow 19-4067] Ignoring invalid widget type specified checkbox.Providing a default widget
exit
INFO: [Common 17-206] Exiting Vivado at Sat Nov 10 12:27:27 2018...
